Fetching live data ▮▮▮▮▮▮▮▮▮▮▮▮▮▮▮▮▮▮▮▮  Done ✓

============ LIVE GOLD PRICE ============
Last Updated: Dec 08, 2025 - 22:00 NY Time
=========================================

================== USD ==================
Currency           : USD
Local Timestamp    : 2025-12-09 11:00:03
Ask Price          : 4190.70
Bid Price          : 4188.70
Day High           : 4198.10
Day Low            : 4185.30
Change             : -0.90
Change Percentage  : -0.02%
-----------------------------------------

Price by Weight Unit:
1. Ounce           : 4188.70
2. Gram            : 134.67
3. Kilo            : 134671.90
4. Pennyweight     : 209.44
5. Tola            : 1570.76
6. Tael            : 5090.43
=========================================

mysql: [Warning] Using a password on the command line interface can be insecure.
mysql: [Warning] Using a password on the command line interface can be insecure.
================== AUD ==================
Currency           : AUD
Local Timestamp    : 2025-12-09 11:00:03
Ask Price          : 6323.98
Bid Price          : 6320.96
Day High           : 6335.14
Day Low            : 6315.83
Change             : -1.36
Change Percentage  : -0.02%
Converted From     : USD → AUD
-----------------------------------------
Price by Weight Unit (AUD):
1. Ounce           : 6320.96
2. Gram            : 203.22
3. Kilo            : 203226.63
4. Pennyweight     : 316.06
5. Tola            : 2370.36
6. Tael            : 7681.71
=========================================

mysql: [Warning] Using a password on the command line interface can be insecure.
mysql: [Warning] Using a password on the command line interface can be insecure.
================== CAD ==================
Currency           : CAD
Local Timestamp    : 2025-12-09 11:00:03
Ask Price          : 5805.59
Bid Price          : 5802.82
Day High           : 5815.84
Day Low            : 5798.11
Change             : -1.25
Change Percentage  : -0.02%
Converted From     : USD → CAD
-----------------------------------------
Price by Weight Unit (CAD):
1. Ounce           : 5802.82
2. Gram            : 186.57
3. Kilo            : 186567.72
4. Pennyweight     : 290.15
5. Tola            : 2176.05
6. Tael            : 7052.03
=========================================

mysql: [Warning] Using a password on the command line interface can be insecure.
mysql: [Warning] Using a password on the command line interface can be insecure.
================== JPY ==================
Currency           : JPY
Local Timestamp    : 2025-12-09 11:00:03
Ask Price          : 653309.18
Bid Price          : 652997.39
Day High           : 654462.80
Day Low            : 652467.34
Change             : -140.31
Change Percentage  : -0.02%
Converted From     : USD → JPY
-----------------------------------------
Price by Weight Unit (JPY):
1. Ounce           : 652997.39
2. Gram            : 20994.38
3. Kilo            : 20994675.85
4. Pennyweight     : 32650.65
5. Tola            : 244873.63
6. Tael            : 793572.58
=========================================

mysql: [Warning] Using a password on the command line interface can be insecure.
mysql: [Warning] Using a password on the command line interface can be insecure.
