[2025-12-11 15:00:02] Generated usd_ask_price.png
[2025-12-11 15:00:02] Generated aud_ask_price.png
[2025-12-11 15:00:02] Generated cad_ask_price.png
[2025-12-11 15:00:03] Generated jpy_ask_price.png
[2025-12-11 15:00:03] Generated usd_bid_price.png
[2025-12-11 15:00:03] Generated aud_bid_price.png
[2025-12-11 15:00:03] Generated cad_bid_price.png
[2025-12-11 15:00:03] Generated jpy_bid_price.png
[2025-12-11 15:00:03] Generated usd_high_price.png
[2025-12-11 15:00:03] Generated aud_high_price.png
[2025-12-11 15:00:03] Generated cad_high_price.png
[2025-12-11 15:00:03] Generated jpy_high_price.png
[2025-12-11 15:00:03] Generated usd_low_price.png
[2025-12-11 15:00:03] Generated aud_low_price.png
[2025-12-11 15:00:03] Generated cad_low_price.png
[2025-12-11 15:00:04] Generated jpy_low_price.png
[2025-12-11 16:00:02] Generated usd_ask_price.png
[2025-12-11 16:00:02] Generated aud_ask_price.png
[2025-12-11 16:00:03] Generated cad_ask_price.png
[2025-12-11 16:00:03] Generated jpy_ask_price.png
[2025-12-11 16:00:03] Generated usd_bid_price.png
[2025-12-11 16:00:03] Generated aud_bid_price.png
[2025-12-11 16:00:03] Generated cad_bid_price.png
[2025-12-11 16:00:03] Generated jpy_bid_price.png
[2025-12-11 16:00:03] Generated usd_high_price.png
[2025-12-11 16:00:03] Generated aud_high_price.png
[2025-12-11 16:00:03] Generated cad_high_price.png
[2025-12-11 16:00:03] Generated jpy_high_price.png
[2025-12-11 16:00:03] Generated usd_low_price.png
[2025-12-11 16:00:04] Generated aud_low_price.png
[2025-12-11 16:00:04] Generated cad_low_price.png
[2025-12-11 16:00:04] Generated jpy_low_price.png
[2025-12-11 17:00:04] Generated usd_ask_price.png
[2025-12-11 17:00:05] Generated aud_ask_price.png
[2025-12-11 17:00:05] Generated cad_ask_price.png
[2025-12-11 17:00:05] Generated jpy_ask_price.png
[2025-12-11 17:00:05] Generated usd_bid_price.png
[2025-12-11 17:00:06] Generated aud_bid_price.png
[2025-12-11 17:00:06] Generated cad_bid_price.png
[2025-12-11 17:00:06] Generated jpy_bid_price.png
[2025-12-11 17:00:06] Generated usd_high_price.png
[2025-12-11 17:00:07] Generated aud_high_price.png
[2025-12-11 17:00:07] Generated cad_high_price.png
[2025-12-11 17:00:07] Generated jpy_high_price.png
[2025-12-11 17:00:07] Generated usd_low_price.png
[2025-12-11 17:00:08] Generated aud_low_price.png
[2025-12-11 17:00:08] Generated cad_low_price.png
[2025-12-11 17:00:08] Generated jpy_low_price.png
[2025-12-11 18:00:03] Generated usd_ask_price.png
[2025-12-11 18:00:04] Generated aud_ask_price.png
[2025-12-11 18:00:04] Generated cad_ask_price.png
[2025-12-11 18:00:04] Generated jpy_ask_price.png
[2025-12-11 18:00:04] Generated usd_bid_price.png
[2025-12-11 18:00:04] Generated aud_bid_price.png
[2025-12-11 18:00:04] Generated cad_bid_price.png
[2025-12-11 18:00:04] Generated jpy_bid_price.png
[2025-12-11 18:00:04] Generated usd_high_price.png
[2025-12-11 18:00:04] Generated aud_high_price.png
[2025-12-11 18:00:04] Generated cad_high_price.png
[2025-12-11 18:00:04] Generated jpy_high_price.png
[2025-12-11 18:00:04] Generated usd_low_price.png
[2025-12-11 18:00:05] Generated aud_low_price.png
[2025-12-11 18:00:05] Generated cad_low_price.png
[2025-12-11 18:00:05] Generated jpy_low_price.png
[2025-12-11 19:00:04] Generated usd_ask_price.png
[2025-12-11 19:00:04] Generated aud_ask_price.png
[2025-12-11 19:00:04] Generated cad_ask_price.png
[2025-12-11 19:00:04] Generated jpy_ask_price.png
[2025-12-11 19:00:04] Generated usd_bid_price.png
[2025-12-11 19:00:04] Generated aud_bid_price.png
[2025-12-11 19:00:04] Generated cad_bid_price.png
[2025-12-11 19:00:05] Generated jpy_bid_price.png
[2025-12-11 19:00:05] Generated usd_high_price.png
[2025-12-11 19:00:05] Generated aud_high_price.png
[2025-12-11 19:00:05] Generated cad_high_price.png
[2025-12-11 19:00:05] Generated jpy_high_price.png
[2025-12-11 19:00:05] Generated usd_low_price.png
[2025-12-11 19:00:05] Generated aud_low_price.png
[2025-12-11 19:00:05] Generated cad_low_price.png
[2025-12-11 19:00:05] Generated jpy_low_price.png
[2025-12-11 20:00:02] Generated usd_ask_price.png
[2025-12-11 20:00:02] Generated aud_ask_price.png
[2025-12-11 20:00:02] Generated cad_ask_price.png
[2025-12-11 20:00:03] Generated jpy_ask_price.png
[2025-12-11 20:00:03] Generated usd_bid_price.png
[2025-12-11 20:00:03] Generated aud_bid_price.png
[2025-12-11 20:00:03] Generated cad_bid_price.png
[2025-12-11 20:00:03] Generated jpy_bid_price.png
[2025-12-11 20:00:03] Generated usd_high_price.png
[2025-12-11 20:00:03] Generated aud_high_price.png
[2025-12-11 20:00:03] Generated cad_high_price.png
[2025-12-11 20:00:03] Generated jpy_high_price.png
[2025-12-11 20:00:03] Generated usd_low_price.png
[2025-12-11 20:00:03] Generated aud_low_price.png
[2025-12-11 20:00:04] Generated cad_low_price.png
[2025-12-11 20:00:04] Generated jpy_low_price.png
[2025-12-11 21:00:03] Generated usd_ask_price.png
[2025-12-11 21:00:04] Generated aud_ask_price.png
[2025-12-11 21:00:04] Generated cad_ask_price.png
[2025-12-11 21:00:04] Generated jpy_ask_price.png
[2025-12-11 21:00:04] Generated usd_bid_price.png
[2025-12-11 21:00:04] Generated aud_bid_price.png
[2025-12-11 21:00:04] Generated cad_bid_price.png
[2025-12-11 21:00:04] Generated jpy_bid_price.png
[2025-12-11 21:00:04] Generated usd_high_price.png
[2025-12-11 21:00:04] Generated aud_high_price.png
[2025-12-11 21:00:04] Generated cad_high_price.png
[2025-12-11 21:00:04] Generated jpy_high_price.png
[2025-12-11 21:00:04] Generated usd_low_price.png
[2025-12-11 21:00:05] Generated aud_low_price.png
[2025-12-11 21:00:05] Generated cad_low_price.png
[2025-12-11 21:00:05] Generated jpy_low_price.png
[2025-12-11 22:00:04] Generated usd_ask_price.png
[2025-12-11 22:00:04] Generated aud_ask_price.png
[2025-12-11 22:00:04] Generated cad_ask_price.png
[2025-12-11 22:00:04] Generated jpy_ask_price.png
[2025-12-11 22:00:04] Generated usd_bid_price.png
[2025-12-11 22:00:04] Generated aud_bid_price.png
[2025-12-11 22:00:05] Generated cad_bid_price.png
[2025-12-11 22:00:05] Generated jpy_bid_price.png
[2025-12-11 22:00:05] Generated usd_high_price.png
[2025-12-11 22:00:05] Generated aud_high_price.png
[2025-12-11 22:00:05] Generated cad_high_price.png
[2025-12-11 22:00:05] Generated jpy_high_price.png
[2025-12-11 22:00:05] Generated usd_low_price.png
[2025-12-11 22:00:05] Generated aud_low_price.png
[2025-12-11 22:00:05] Generated cad_low_price.png
[2025-12-11 22:00:05] Generated jpy_low_price.png
[2025-12-11 23:00:03] Generated usd_ask_price.png
[2025-12-11 23:00:03] Generated aud_ask_price.png
[2025-12-11 23:00:03] Generated cad_ask_price.png
[2025-12-11 23:00:03] Generated jpy_ask_price.png
[2025-12-11 23:00:03] Generated usd_bid_price.png
[2025-12-11 23:00:03] Generated aud_bid_price.png
[2025-12-11 23:00:03] Generated cad_bid_price.png
[2025-12-11 23:00:03] Generated jpy_bid_price.png
[2025-12-11 23:00:03] Generated usd_high_price.png
[2025-12-11 23:00:03] Generated aud_high_price.png
[2025-12-11 23:00:03] Generated cad_high_price.png
[2025-12-11 23:00:04] Generated jpy_high_price.png
[2025-12-11 23:00:04] Generated usd_low_price.png
[2025-12-11 23:00:04] Generated aud_low_price.png
[2025-12-11 23:00:04] Generated cad_low_price.png
[2025-12-11 23:00:04] Generated jpy_low_price.png
[2025-12-12 00:00:04] Generated usd_ask_price.png
[2025-12-12 00:00:04] Generated aud_ask_price.png
[2025-12-12 00:00:04] Generated cad_ask_price.png
[2025-12-12 00:00:04] Generated jpy_ask_price.png
[2025-12-12 00:00:04] Generated usd_bid_price.png
[2025-12-12 00:00:04] Generated aud_bid_price.png
[2025-12-12 00:00:04] Generated cad_bid_price.png
[2025-12-12 00:00:05] Generated jpy_bid_price.png
[2025-12-12 00:00:05] Generated usd_high_price.png
[2025-12-12 00:00:05] Generated aud_high_price.png
[2025-12-12 00:00:05] Generated cad_high_price.png
[2025-12-12 00:00:05] Generated jpy_high_price.png
[2025-12-12 00:00:05] Generated usd_low_price.png
[2025-12-12 00:00:05] Generated aud_low_price.png
[2025-12-12 00:00:05] Generated cad_low_price.png
[2025-12-12 00:00:05] Generated jpy_low_price.png
[2025-12-12 01:00:04] Generated usd_ask_price.png
[2025-12-12 01:00:04] Generated aud_ask_price.png
[2025-12-12 01:00:05] Generated cad_ask_price.png
[2025-12-12 01:00:05] Generated jpy_ask_price.png
[2025-12-12 01:00:05] Generated usd_bid_price.png
[2025-12-12 01:00:05] Generated aud_bid_price.png
[2025-12-12 01:00:05] Generated cad_bid_price.png
[2025-12-12 01:00:05] Generated jpy_bid_price.png
[2025-12-12 01:00:06] Generated usd_high_price.png
[2025-12-12 01:00:06] Generated aud_high_price.png
[2025-12-12 01:00:06] Generated cad_high_price.png
[2025-12-12 01:00:06] Generated jpy_high_price.png
[2025-12-12 01:00:06] Generated usd_low_price.png
[2025-12-12 01:00:06] Generated aud_low_price.png
[2025-12-12 01:00:07] Generated cad_low_price.png
[2025-12-12 01:00:07] Generated jpy_low_price.png
